<?xml version="1.0" encoding="UTF-8"?>
<testng-results skipped="0" failed="0" total="1" passed="1">
  <reporter-output>
  </reporter-output>
  <suite name="Default suite" duration-ms="63411" started-at="2018-04-14T09:26:33Z" finished-at="2018-04-14T09:27:36Z">
    <groups>
    </groups>
    <test name="Default test" duration-ms="63411" started-at="2018-04-14T09:26:33Z" finished-at="2018-04-14T09:27:36Z">
      <class name="com.rahul.oracleproject.TestCrm_Page">
        <test-method status="PASS" signature="IntiliZeBrowser()[pri:0, instance:com.rahul.oracleproject.TestCrm_Page@1275dab]" name="IntiliZeBrowser" is-config="true" duration-ms="41658" started-at="2018-04-14T14:56:33Z" finished-at="2018-04-14T14:57:14Z">
          <reporter-output>
          </reporter-output>
        </test-method> <!-- IntiliZeBrowser -->
        <test-method status="PASS" signature="test()[pri:0, instance:com.rahul.oracleproject.TestCrm_Page@1275dab]" name="test" duration-ms="21689" started-at="2018-04-14T14:57:14Z" finished-at="2018-04-14T14:57:36Z">
          <reporter-output>
          </reporter-output>
        </test-method> <!-- test -->
      </class> <!-- com.rahul.oracleproject.TestCrm_Page -->
    </test> <!-- Default test -->
  </suite> <!-- Default suite -->
</testng-results>
